Info: Starting: Create block symbol file (.bsf)
Info: ip-generate --project-directory=C:/Users/eduar/Desktop/calculadora/proyecto/ --output-directory=C:/Users/eduar/Desktop/calculadora/proyecto/projCalculadoraNIOS/ --report-file=bsf:C:/Users/eduar/Desktop/calculadora/proyecto/projCalculadoraNIOS.bsf --system-info=DEVICE_FAMILY="Cyclone IV E" --system-info=DEVICE=EP4CE115F29C7 --system-info=DEVICE_SPEEDGRADE=7 --component-file=C:/Users/eduar/Desktop/calculadora/proyecto/projCalculadoraNIOS.qsys
Progress: Loading proyecto/projCalculadoraNIOS.qsys
Progress: Reading input file
Progress: Adding clk_0 [clock_source 12.1]
Progress: Parameterizing module clk_0
Progress: Adding nios2_qsys_0 [altera_nios2_qsys 12.1]
Progress: Parameterizing module nios2_qsys_0
Progress: Adding onchip_memory2_0 [altera_avalon_onchip_memory2 12.1]
Progress: Parameterizing module onchip_memory2_0
Progress: Adding jtag_uart_0 [altera_avalon_jtag_uart 12.1]
Progress: Parameterizing module jtag_uart_0
Progress: Adding nios_custom_instr_floating_point_0 [altera_nios_custom_instr_floating_point 12.1]
Progress: Parameterizing module nios_custom_instr_floating_point_0
Progress: Building connections
Progress: Parameterizing connections
Progress: Validating
Progress: Done reading input file
Info: projCalculadoraNIOS.onchip_memory2_0: Memory will be initialized from onchip_memory2_0.hex
Info: ip-generate succeeded.
Info: Finished: Create block symbol file (.bsf)
Info: 
Info: Starting: Create HDL design files for synthesis
Info: ip-generate --project-directory=C:/Users/eduar/Desktop/calculadora/proyecto/ --output-directory=C:/Users/eduar/Desktop/calculadora/proyecto/projCalculadoraNIOS/synthesis/ --file-set=QUARTUS_SYNTH --report-file=sopcinfo:C:/Users/eduar/Desktop/calculadora/proyecto/projCalculadoraNIOS.sopcinfo --report-file=html:C:/Users/eduar/Desktop/calculadora/proyecto/projCalculadoraNIOS.html --report-file=qip:C:/Users/eduar/Desktop/calculadora/proyecto/projCalculadoraNIOS/synthesis/projCalculadoraNIOS.qip --report-file=cmp:C:/Users/eduar/Desktop/calculadora/proyecto/projCalculadoraNIOS.cmp --system-info=DEVICE_FAMILY="Cyclone IV E" --system-info=DEVICE=EP4CE115F29C7 --system-info=DEVICE_SPEEDGRADE=7 --component-file=C:/Users/eduar/Desktop/calculadora/proyecto/projCalculadoraNIOS.qsys
Progress: Loading proyecto/projCalculadoraNIOS.qsys
Progress: Reading input file
Progress: Adding clk_0 [clock_source 12.1]
Progress: Parameterizing module clk_0
Progress: Adding nios2_qsys_0 [altera_nios2_qsys 12.1]
Progress: Parameterizing module nios2_qsys_0
Progress: Adding onchip_memory2_0 [altera_avalon_onchip_memory2 12.1]
Progress: Parameterizing module onchip_memory2_0
Progress: Adding jtag_uart_0 [altera_avalon_jtag_uart 12.1]
Progress: Parameterizing module jtag_uart_0
Progress: Adding nios_custom_instr_floating_point_0 [altera_nios_custom_instr_floating_point 12.1]
Progress: Parameterizing module nios_custom_instr_floating_point_0
Progress: Building connections
Progress: Parameterizing connections
Progress: Validating
Progress: Done reading input file
Info: projCalculadoraNIOS.onchip_memory2_0: Memory will be initialized from onchip_memory2_0.hex
Info: projCalculadoraNIOS: Generating projCalculadoraNIOS "projCalculadoraNIOS" for QUARTUS_SYNTH
Info: pipeline_bridge_swap_transform: After transform: 5 modules, 15 connections
Info: merlin_custom_instruction_transform: After transform: 8 modules, 18 connections
Info: merlin_translator_transform: After transform: 13 modules, 36 connections
Info: merlin_domain_transform: After transform: 22 modules, 88 connections
Info: merlin_router_transform: After transform: 27 modules, 106 connections
Info: reset_adaptation_transform: After transform: 29 modules, 97 connections
Info: merlin_network_to_switch_transform: After transform: 38 modules, 117 connections
Info: merlin_width_transform: After transform: 40 modules, 123 connections
Info: merlin_interrupt_mapper_transform: After transform: 41 modules, 126 connections
Warning: projCalculadoraNIOS: "No matching role found for nios2_qsys_0_custom_instruction_master_multi_xconnect:ci_slave:ci_slave_ipending (ipending)"
Warning: projCalculadoraNIOS: "No matching role found for nios2_qsys_0_custom_instruction_master_multi_xconnect:ci_slave:ci_slave_estatus (estatus)"
Info: nios2_qsys_0: Starting RTL generation for module 'projCalculadoraNIOS_nios2_qsys_0'
Info: nios2_qsys_0:   Generation command is [exec A:/altera/12.1/quartus/../ip/altera/nios2_ip/altera_nios2/eperl.exe -I A:/altera/12.1/quartus/common/ip/altera/common/perl/5.8.3 -I A:/altera/12.1/quartus/sopc_builder/bin/europa -I A:/altera/12.1/quartus/sopc_builder/bin/perl_lib -I A:/altera/12.1/quartus/sopc_builder/bin -I A:/altera/12.1/quartus/../ip/altera/nios2_ip/altera_nios2/cpu_lib -I A:/altera/12.1/quartus/../ip/altera/nios2_ip/altera_nios2/nios_lib -I A:/altera/12.1/quartus/../ip/altera/nios2_ip/altera_nios2 -I A:/altera/12.1/quartus/../ip/altera/nios2_ip/altera_nios2 -- A:/altera/12.1/quartus/../ip/altera/nios2_ip/altera_nios2/generate_rtl.epl --name=projCalculadoraNIOS_nios2_qsys_0 --dir=C:/Users/eduar/AppData/Local/Temp/alt9678_8035002597423620557.dir/0001_nios2_qsys_0_gen/ --quartus_dir=A:/altera/12.1/quartus --verilog --config=C:/Users/eduar/AppData/Local/Temp/alt9678_8035002597423620557.dir/0001_nios2_qsys_0_gen//projCalculadoraNIOS_nios2_qsys_0_processor_configuration.pl  --do_build_sim=0    --bogus  ]
Info: nios2_qsys_0: # 2023.11.17 08:04:31 (*) Starting Nios II generation
Info: nios2_qsys_0: # 2023.11.17 08:04:31 (*)   Checking for plaintext license.
Info: nios2_qsys_0: # 2023.11.17 08:04:33 (*)   Couldn't query license setup in Quartus directory A:/altera/12.1/quartus
Info: nios2_qsys_0: # 2023.11.17 08:04:33 (*)   Defaulting to contents of LM_LICENSE_FILE environment variable
Info: nios2_qsys_0: # 2023.11.17 08:04:33 (*)   LM_LICENSE_FILE environment variable is empty
Info: nios2_qsys_0: # 2023.11.17 08:04:33 (*)   Plaintext license not found.
Info: nios2_qsys_0: # 2023.11.17 08:04:33 (*)   No license required to generate encrypted Nios II/e.
Info: nios2_qsys_0: # 2023.11.17 08:04:33 (*)   Elaborating CPU configuration settings
Info: nios2_qsys_0: # 2023.11.17 08:04:33 (*)   Creating all objects for CPU
Info: nios2_qsys_0: # 2023.11.17 08:04:34 (*)   Generating RTL from CPU objects
Info: nios2_qsys_0: # 2023.11.17 08:04:34 (*)   Creating plain-text RTL
Info: nios2_qsys_0: # 2023.11.17 08:04:37 (*) Done Nios II generation
Info: nios2_qsys_0: Done RTL generation for module 'projCalculadoraNIOS_nios2_qsys_0'
Info: nios2_qsys_0: "projCalculadoraNIOS" instantiated altera_nios2_qsys "nios2_qsys_0"
Info: Starting classic module elaboration.
      1 [main] sh 19196 find_fast_cwd: WARNING: Couldn't compute FAST_CWD pointer.  Please report this problem to
the public mailing list cygwin@cygwin.com
Qt: Untested Windows version 6.2 detected!
"a:/altera/12.1/quartus/bin/jre/bin/java.exe" -Xmx512M -classpath "a:/altera/12.1/quartus/sopc_builder/bin/sopc_builder.jar;a:/altera/12.1/quartus/sopc_builder/bin/PinAssigner.jar;a:/altera/12.1/quartus/sopc_builder/bin/sopc_wizard.jar;a:/altera/12.1/quartus/sopc_builder/bin/jptf.jar" sopc_builder.sopc_builder  -d"a:/altera/12.1/quartus/sopc_builder" -notalkback=1 -projectnameyysystem.qpf -projectpathC:/Users/eduar/AppData/Local/Temp/alt9678_8035002597423620557.dir/0002_sopclgen  --no_splash --refresh C:/Users/eduar/AppData/Local/Temp/alt9678_8035002597423620557.dir/0002_sopclgen/yysystem.v --quartus_dir="a:/altera/12.1/quartus" --sopc_perl="a:/altera/12.1/quartus/bin/perl" --sopc_lib_path="++a:/altera/12.1/quartus/../ip/altera/sopc_builder_ip+a:/altera/12.1/quartus/../ip/altera/nios2_ip"
Info: Finished elaborating classic module.
Executing: A:/altera/12.1/quartus//sopc_builder/bin/sopc_builder --classic --generate C:/Users/eduar/AppData/Local/Temp/alt9678_8035002597423620557.dir/0002_sopclgen/yysystem.ptf
Info: Running sopc_builder...
      1 [main] sh 20028 find_fast_cwd: WARNING: Couldn't compute FAST_CWD pointer.  Please report this problem to
the public mailing list cygwin@cygwin.com
Qt: Untested Windows version 6.2 detected!
"a:/altera/12.1/quartus/bin/jre/bin/java.exe" -Xmx512M -classpath "a:/altera/12.1/quartus/sopc_builder/bin/sopc_builder.jar;a:/altera/12.1/quartus/sopc_builder/bin/PinAssigner.jar;a:/altera/12.1/quartus/sopc_builder/bin/sopc_wizard.jar;a:/altera/12.1/quartus/sopc_builder/bin/jptf.jar" sopc_builder.sopc_builder  -d"a:/altera/12.1/quartus/sopc_builder" -notalkback=1 -projectnameyysystem.qpf -projectpathC:/Users/eduar/AppData/Local/Temp/alt9678_8035002597423620557.dir/0002_sopclgen  --generate C:/Users/eduar/AppData/Local/Temp/alt9678_8035002597423620557.dir/0002_sopclgen/yysystem.v --quartus_dir="a:/altera/12.1/quartus" --sopc_perl="a:/altera/12.1/quartus/bin/perl" --sopc_lib_path="++a:/altera/12.1/quartus/../ip/altera/sopc_builder_ip+a:/altera/12.1/quartus/../ip/altera/nios2_ip"
No .sopc_builder configuration file(!)
.
# 2023.11.17 08:04:48 (*) Success: sopc_builder finished.
Info: onchip_memory2_0: "projCalculadoraNIOS" instantiated altera_avalon_onchip_memory2 "onchip_memory2_0"
Info: Starting classic module elaboration.
      1 [main] sh 14076 find_fast_cwd: WARNING: Couldn't compute FAST_CWD pointer.  Please report this problem to
the public mailing list cygwin@cygwin.com
Qt: Untested Windows version 6.2 detected!
"a:/altera/12.1/quartus/bin/jre/bin/java.exe" -Xmx512M -classpath "a:/altera/12.1/quartus/sopc_builder/bin/sopc_builder.jar;a:/altera/12.1/quartus/sopc_builder/bin/PinAssigner.jar;a:/altera/12.1/quartus/sopc_builder/bin/sopc_wizard.jar;a:/altera/12.1/quartus/sopc_builder/bin/jptf.jar" sopc_builder.sopc_builder  -d"a:/altera/12.1/quartus/sopc_builder" -notalkback=1 -projectnameyysystem.qpf -projectpathC:/Users/eduar/AppData/Local/Temp/alt9678_8035002597423620557.dir/0003_sopclgen  --no_splash --refresh C:/Users/eduar/AppData/Local/Temp/alt9678_8035002597423620557.dir/0003_sopclgen/yysystem.v --quartus_dir="a:/altera/12.1/quartus" --sopc_perl="a:/altera/12.1/quartus/bin/perl" --sopc_lib_path="++a:/altera/12.1/quartus/../ip/altera/sopc_builder_ip+a:/altera/12.1/quartus/../ip/altera/nios2_ip"
Info: Finished elaborating classic module.
Executing: A:/altera/12.1/quartus//sopc_builder/bin/sopc_builder --classic --generate C:/Users/eduar/AppData/Local/Temp/alt9678_8035002597423620557.dir/0003_sopclgen/yysystem.ptf
Info: Running sopc_builder...
      2 [main] sh 2828 find_fast_cwd: WARNING: Couldn't compute FAST_CWD pointer.  Please report this problem to
the public mailing list cygwin@cygwin.com
Qt: Untested Windows version 6.2 detected!
"a:/altera/12.1/quartus/bin/jre/bin/java.exe" -Xmx512M -classpath "a:/altera/12.1/quartus/sopc_builder/bin/sopc_builder.jar;a:/altera/12.1/quartus/sopc_builder/bin/PinAssigner.jar;a:/altera/12.1/quartus/sopc_builder/bin/sopc_wizard.jar;a:/altera/12.1/quartus/sopc_builder/bin/jptf.jar" sopc_builder.sopc_builder  -d"a:/altera/12.1/quartus/sopc_builder" -notalkback=1 -projectnameyysystem.qpf -projectpathC:/Users/eduar/AppData/Local/Temp/alt9678_8035002597423620557.dir/0003_sopclgen  --generate C:/Users/eduar/AppData/Local/Temp/alt9678_8035002597423620557.dir/0003_sopclgen/yysystem.v --quartus_dir="a:/altera/12.1/quartus" --sopc_perl="a:/altera/12.1/quartus/bin/perl" --sopc_lib_path="++a:/altera/12.1/quartus/../ip/altera/sopc_builder_ip+a:/altera/12.1/quartus/../ip/altera/nios2_ip"
No .sopc_builder configuration file(!)
.
# 2023.11.17 08:04:57 (*) Success: sopc_builder finished.
Info: jtag_uart_0: "projCalculadoraNIOS" instantiated altera_avalon_jtag_uart "jtag_uart_0"
Info: nios_custom_instr_floating_point_0: "projCalculadoraNIOS" instantiated altera_nios_custom_instr_floating_point "nios_custom_instr_floating_point_0"
Info: nios2_qsys_0_custom_instruction_master_translator: "projCalculadoraNIOS" instantiated altera_customins_master_translator "nios2_qsys_0_custom_instruction_master_translator"
Info: nios2_qsys_0_custom_instruction_master_multi_xconnect: "projCalculadoraNIOS" instantiated altera_customins_xconnect "nios2_qsys_0_custom_instruction_master_multi_xconnect"
Info: nios2_qsys_0_custom_instruction_master_multi_slave_translator0: "projCalculadoraNIOS" instantiated altera_customins_slave_translator "nios2_qsys_0_custom_instruction_master_multi_slave_translator0"
Info: nios2_qsys_0_instruction_master_translator: "projCalculadoraNIOS" instantiated altera_merlin_master_translator "nios2_qsys_0_instruction_master_translator"
Info: nios2_qsys_0_jtag_debug_module_translator: "projCalculadoraNIOS" instantiated altera_merlin_slave_translator "nios2_qsys_0_jtag_debug_module_translator"
Info: nios2_qsys_0_instruction_master_translator_avalon_universal_master_0_agent: "projCalculadoraNIOS" instantiated altera_merlin_master_agent "nios2_qsys_0_instruction_master_translator_avalon_universal_master_0_agent"
Info: nios2_qsys_0_jtag_debug_module_translator_avalon_universal_slave_0_agent: "projCalculadoraNIOS" instantiated altera_merlin_slave_agent "nios2_qsys_0_jtag_debug_module_translator_avalon_universal_slave_0_agent"
Info: nios2_qsys_0_jtag_debug_module_translator_avalon_universal_slave_0_agent_rsp_fifo: "projCalculadoraNIOS" instantiated altera_avalon_sc_fifo "nios2_qsys_0_jtag_debug_module_translator_avalon_universal_slave_0_agent_rsp_fifo"
Info: addr_router: "projCalculadoraNIOS" instantiated altera_merlin_router "addr_router"
Info: addr_router_001: "projCalculadoraNIOS" instantiated altera_merlin_router "addr_router_001"
Info: id_router: "projCalculadoraNIOS" instantiated altera_merlin_router "id_router"
Info: id_router_001: "projCalculadoraNIOS" instantiated altera_merlin_router "id_router_001"
Info: id_router_002: "projCalculadoraNIOS" instantiated altera_merlin_router "id_router_002"
Info: rst_controller: "projCalculadoraNIOS" instantiated altera_reset_controller "rst_controller"
Info: cmd_xbar_demux: "projCalculadoraNIOS" instantiated altera_merlin_demultiplexer "cmd_xbar_demux"
Info: cmd_xbar_demux_001: "projCalculadoraNIOS" instantiated altera_merlin_demultiplexer "cmd_xbar_demux_001"
Info: cmd_xbar_mux: "projCalculadoraNIOS" instantiated altera_merlin_multiplexer "cmd_xbar_mux"
Info: rsp_xbar_demux_002: "projCalculadoraNIOS" instantiated altera_merlin_demultiplexer "rsp_xbar_demux_002"
Info: rsp_xbar_mux: "projCalculadoraNIOS" instantiated altera_merlin_multiplexer "rsp_xbar_mux"
Info: Reusing file C:/Users/eduar/Desktop/calculadora/proyecto/projCalculadoraNIOS/synthesis/submodules/altera_merlin_arbitrator.sv
Info: rsp_xbar_mux_001: "projCalculadoraNIOS" instantiated altera_merlin_multiplexer "rsp_xbar_mux_001"
Info: Reusing file C:/Users/eduar/Desktop/calculadora/proyecto/projCalculadoraNIOS/synthesis/submodules/altera_merlin_arbitrator.sv
Info: width_adapter: "projCalculadoraNIOS" instantiated altera_merlin_width_adapter "width_adapter"
Info: Reusing file C:/Users/eduar/Desktop/calculadora/proyecto/projCalculadoraNIOS/synthesis/submodules/altera_merlin_burst_uncompressor.sv
Info: irq_mapper: "projCalculadoraNIOS" instantiated altera_irq_mapper "irq_mapper"
Info: projCalculadoraNIOS: Done projCalculadoraNIOS" with 27 modules, 67 files, 2701797 bytes
Info: ip-generate succeeded.
Info: Finished: Create HDL design files for synthesis
